# JRE version: OpenJDK Runtime Environment Temurin-17.0.9+9 (17.0.9+9) (build 17.0.9+9)
# Java VM: OpenJDK 64-Bit Server VM Temurin-17.0.9+9 (17.0.9+9, mixed mode, emulated-client, tiered, compressed oops, compressed class ptrs, g1 gc, windows-amd64)
GC Precious Log:
 CPUs: 16 total, 16 available
 Memory: 16068M
 Large Page Support: Disabled
 NUMA Support: Disabled
 Compressed Oops: Enabled (32-bit)
 Heap Region Size: 1M
 Heap Min Capacity: 8M
 Heap Initial Capacity: 252M
 Heap Max Capacity: 1G
 Pre-touch: Disabled
 Parallel Workers: 13
 Concurrent Workers: 3
 Concurrent Refinement Workers: 13
 Periodic GC: Disabled
Heap:
 garbage-first heap   total 102400K, used 38286K [0x00000000c0000000, 0x0000000100000000)
  region size 1024K, 1 young (1024K), 0 survivors (0K)
 Metaspace       used 60679K, committed 61120K, reserved 1114112K
  class space    used 7610K, committed 7808K, reserved 1048576K
GC Heap History (20 events):
Event: 152191.637 GC heap before
{Heap before GC invocations=10865 (full 8446):
 garbage-first heap   total 102400K, used 38286K [0x00000000c0000000, 0x0000000100000000)
  region size 1024K, 1 young (1024K), 0 survivors (0K)
 Metaspace       used 60679K, committed 61120K, reserved 1114112K
  class space    used 7610K, committed 7808K, reserved 1048576K
}
Event: 152191.706 GC heap after
{Heap after GC invocations=10866 (full 8447):
 garbage-first heap   total 102400K, used 38286K [0x00000000c0000000, 0x0000000100000000)
  region size 1024K, 0 young (0K), 0 survivors (0K)
 Metaspace       used 60679K, committed 61120K, reserved 1114112K
  class space    used 7610K, committed 7808K, reserved 1048576K
}
Event: 152202.030 GC heap before
{Heap before GC invocations=10866 (full 8447):
 garbage-first heap   total 102400K, used 38286K [0x00000000c0000000, 0x0000000100000000)
  region size 1024K, 1 young (1024K), 0 survivors (0K)
 Metaspace       used 60679K, committed 61120K, reserved 1114112K
  class space    used 7610K, committed 7808K, reserved 1048576K
}
Event: 152202.100 GC heap after
{Heap after GC invocations=10867 (full 8448):
 garbage-first heap   total 102400K, used 38286K [0x00000000c0000000, 0x0000000100000000)
  region size 1024K, 0 young (0K), 0 survivors (0K)
 Metaspace       used 60679K, committed 61120K, reserved 1114112K
  class space    used 7610K, committed 7808K, reserved 1048576K
}
Event: 152212.418 GC heap before
{Heap before GC invocations=10867 (full 8448):
 garbage-first heap   total 102400K, used 38286K [0x00000000c0000000, 0x0000000100000000)
  region size 1024K, 1 young (1024K), 0 survivors (0K)
 Metaspace       used 60679K, committed 61120K, reserved 1114112K
  class space    used 7610K, committed 7808K, reserved 1048576K
}
Event: 152212.490 GC heap after
{Heap after GC invocations=10868 (full 8449):
 garbage-first heap   total 102400K, used 38286K [0x00000000c0000000, 0x0000000100000000)
  region size 1024K, 0 young (0K), 0 survivors (0K)
 Metaspace       used 60679K, committed 61120K, reserved 1114112K
  class space    used 7610K, committed 7808K, reserved 1048576K
}
Event: 152222.814 GC heap before
{Heap before GC invocations=10868 (full 8449):
 garbage-first heap   total 102400K, used 38286K [0x00000000c0000000, 0x0000000100000000)
  region size 1024K, 1 young (1024K), 0 survivors (0K)
 Metaspace       used 60679K, committed 61120K, reserved 1114112K
  class space    used 7610K, committed 7808K, reserved 1048576K
}
Event: 152222.882 GC heap after
{Heap after GC invocations=10869 (full 8450):
 garbage-first heap   total 102400K, used 38286K [0x00000000c0000000, 0x0000000100000000)
  region size 1024K, 0 young (0K), 0 survivors (0K)
 Metaspace       used 60679K, committed 61120K, reserved 1114112K
  class space    used 7610K, committed 7808K, reserved 1048576K
}
Event: 152233.200 GC heap before
{Heap before GC invocations=10869 (full 8450):
 garbage-first heap   total 102400K, used 38286K [0x00000000c0000000, 0x0000000100000000)
  region size 1024K, 1 young (1024K), 0 survivors (0K)
 Metaspace       used 60679K, committed 61120K, reserved 1114112K
  class space    used 7610K, committed 7808K, reserved 1048576K
}
Event: 152233.272 GC heap after
{Heap after GC invocations=10870 (full 8451):
 garbage-first heap   total 102400K, used 38286K [0x00000000c0000000, 0x0000000100000000)
  region size 1024K, 0 young (0K), 0 survivors (0K)
 Metaspace       used 60679K, committed 61120K, reserved 1114112K
  class space    used 7610K, committed 7808K, reserved 1048576K
}
Event: 152243.541 GC heap before
{Heap before GC invocations=10870 (full 8451):
 garbage-first heap   total 102400K, used 38286K [0x00000000c0000000, 0x0000000100000000)
  region size 1024K, 1 young (1024K), 0 survivors (0K)
 Metaspace       used 60679K, committed 61120K, reserved 1114112K
  class space    used 7610K, committed 7808K, reserved 1048576K
}
Event: 152243.585 GC heap after
{Heap after GC invocations=10871 (full 8452):
 garbage-first heap   total 102400K, used 38286K [0x00000000c0000000, 0x0000000100000000)
  region size 1024K, 0 young (0K), 0 survivors (0K)
 Metaspace       used 60679K, committed 61120K, reserved 1114112K
  class space    used 7610K, committed 7808K, reserved 1048576K
}
Event: 152253.872 GC heap before
{Heap before GC invocations=10871 (full 8452):
 garbage-first heap   total 102400K, used 38286K [0x00000000c0000000, 0x0000000100000000)
  region size 1024K, 1 young (1024K), 0 survivors (0K)
 Metaspace       used 60679K, committed 61120K, reserved 1114112K
  class space    used 7610K, committed 7808K, reserved 1048576K
}
Event: 152253.900 GC heap after
{Heap after GC invocations=10872 (full 8453):
 garbage-first heap   total 102400K, used 38286K [0x00000000c0000000, 0x0000000100000000)
  region size 1024K, 0 young (0K), 0 survivors (0K)
 Metaspace       used 60679K, committed 61120K, reserved 1114112K
  class space    used 7610K, committed 7808K, reserved 1048576K
}
Event: 152264.193 GC heap before
{Heap before GC invocations=10872 (full 8453):
 garbage-first heap   total 102400K, used 38286K [0x00000000c0000000, 0x0000000100000000)
  region size 1024K, 1 young (1024K), 0 survivors (0K)
 Metaspace       used 60679K, committed 61120K, reserved 1114112K
  class space    used 7610K, committed 7808K, reserved 1048576K
}
Event: 152264.222 GC heap after
{Heap after GC invocations=10873 (full 8454):
 garbage-first heap   total 102400K, used 38286K [0x00000000c0000000, 0x0000000100000000)
  region size 1024K, 0 young (0K), 0 survivors (0K)
 Metaspace       used 60679K, committed 61120K, reserved 1114112K
  class space    used 7610K, committed 7808K, reserved 1048576K
}
Event: 152274.513 GC heap before
{Heap before GC invocations=10873 (full 8454):
 garbage-first heap   total 102400K, used 38286K [0x00000000c0000000, 0x0000000100000000)
  region size 1024K, 1 young (1024K), 0 survivors (0K)
 Metaspace       used 60679K, committed 61120K, reserved 1114112K
  class space    used 7610K, committed 7808K, reserved 1048576K
}
Event: 152274.543 GC heap after
{Heap after GC invocations=10874 (full 8455):
 garbage-first heap   total 102400K, used 38286K [0x00000000c0000000, 0x0000000100000000)
  region size 1024K, 0 young (0K), 0 survivors (0K)
 Metaspace       used 60679K, committed 61120K, reserved 1114112K
  class space    used 7610K, committed 7808K, reserved 1048576K
}
Event: 152284.852 GC heap before
{Heap before GC invocations=10874 (full 8455):
 garbage-first heap   total 102400K, used 38286K [0x00000000c0000000, 0x0000000100000000)
  region size 1024K, 1 young (1024K), 0 survivors (0K)
 Metaspace       used 60679K, committed 61120K, reserved 1114112K
  class space    used 7610K, committed 7808K, reserved 1048576K
}
Event: 152284.879 GC heap after
{Heap after GC invocations=10875 (full 8456):
 garbage-first heap   total 102400K, used 38286K [0x00000000c0000000, 0x0000000100000000)
  region size 1024K, 0 young (0K), 0 survivors (0K)
 Metaspace       used 60679K, committed 61120K, reserved 1114112K
  class space    used 7610K, committed 7808K, reserved 1048576K
}

