<?xml version="1.0" encoding="UTF-8"?>
<testsuite xmlns:xsi="http://www.w3.org/2001/XMLSchema-instance" xsi:noNamespaceSchemaLocation="https://maven.apache.org/surefire/maven-surefire-plugin/xsd/surefire-test-report-3.0.xsd" version="3.0" name="com.project_cloud_s5.hallo.HalloApplicationTests" time="7.874" tests="1" errors="0" skipped="0" failures="0">
  <properties>
[...]
</properties>
  <testcase name="contextLoads" classname="com.project_cloud_s5.hallo.HalloApplicationTests" time="0.559">
    <system-out><![CDATA[22:20:20.182 [main] INFO org.springframework.test.context.support.AnnotationConfigContextLoaderUtils -- Could not detect default configuration classes for test class [com.project_cloud_s5.hallo.HalloApplicationTests]: HalloApplicationTests does not declare any static, non-private, non-final, nested classes annotated with @Configuration.
22:20:20.245 [main] INFO org.springframework.boot.test.context.SpringBootTestContextBootstrapper -- Found @SpringBootConfiguration com.project_cloud_s5.hallo.HalloApplication for test class com.project_cloud_s5.hallo.HalloApplicationTests

  .   ____          _            __ _ _
 /\\ / ___'_ __ _ _(_)_ __  __ _ \ \ \ \
( ( )\___ | '_ | '_| | '_ \/ _` | \ \ \ \
 \\/  ___)| |_)| | | | | || (_| |  ) ) ) )
  '  |____| .__|_| |_|_| |_\__, | / / / /
 =========|_|==============|___/=/_/_/_/
 :: Spring Boot ::                (v3.2.1)

2024-01-25T22:20:20.487+03:00  INFO 34288 --- [           main] c.p.hallo.HalloApplicationTests          : Starting HalloApplicationTests using Java 19.0.2 with PID 34288 (started by fenor in D:\techno_dev\Project_cloud_S5_backend)
2024-01-25T22:20:20.487+03:00  INFO 34288 --- [           main] c.p.hallo.HalloApplicationTests          : No active profile set, falling back to 1 default profile: "default"
2024-01-25T22:20:20.896+03:00  INFO 34288 --- [           main] .s.d.r.c.RepositoryConfigurationDelegate : Bootstrapping Spring Data JPA repositories in DEFAULT mode.
2024-01-25T22:20:20.923+03:00  INFO 34288 --- [           main] .s.d.r.c.RepositoryConfigurationDelegate : Finished Spring Data repository scanning in 15 ms. Found 0 JPA repository interfaces.
2024-01-25T22:20:21.196+03:00  INFO 34288 --- [           main] com.zaxxer.hikari.HikariDataSource       : HikariPool-1 - Starting...
2024-01-25T22:20:25.088+03:00  INFO 34288 --- [           main] com.zaxxer.hikari.pool.HikariPool        : HikariPool-1 - Added connection org.postgresql.jdbc.PgConnection@656a3d6b
2024-01-25T22:20:25.089+03:00  INFO 34288 --- [           main] com.zaxxer.hikari.HikariDataSource       : HikariPool-1 - Start completed.
2024-01-25T22:20:25.125+03:00  INFO 34288 --- [           main] o.hibernate.jpa.internal.util.LogHelper  : HHH000204: Processing PersistenceUnitInfo [name: default]
2024-01-25T22:20:25.156+03:00  INFO 34288 --- [           main] org.hibernate.Version                    : HHH000412: Hibernate ORM core version 6.4.1.Final
2024-01-25T22:20:25.178+03:00  INFO 34288 --- [           main] o.h.c.internal.RegionFactoryInitiator    : HHH000026: Second-level cache disabled
2024-01-25T22:20:25.333+03:00  INFO 34288 --- [           main] o.s.o.j.p.SpringPersistenceUnitInfo      : No LoadTimeWeaver setup: ignoring JPA class transformer
2024-01-25T22:20:25.738+03:00  WARN 34288 --- [           main] org.hibernate.orm.deprecation            : HHH90000025: PostgreSQLDialect does not need to be specified explicitly using 'hibernate.dialect' (remove the property setting and it will be selected by default)
2024-01-25T22:20:26.648+03:00  INFO 34288 --- [           main] o.h.e.t.j.p.i.JtaPlatformInitiator       : HHH000489: No JTA platform available (set 'hibernate.transaction.jta.platform' to enable JTA platform integration)
2024-01-25T22:20:26.651+03:00  INFO 34288 --- [           main] j.LocalContainerEntityManagerFactoryBean : Initialized JPA EntityManagerFactory for persistence unit 'default'
2024-01-25T22:20:26.846+03:00  WARN 34288 --- [           main] JpaBaseConfiguration$JpaWebConfiguration : spring.jpa.open-in-view is enabled by default. Therefore, database queries may be performed during view rendering. Explicitly configure spring.jpa.open-in-view to disable this warning
2024-01-25T22:20:27.363+03:00  INFO 34288 --- [           main] c.p.hallo.HalloApplicationTests          : Started HalloApplicationTests in 7.033 seconds (process running for 7.595)
]]></system-out>
  </testcase>
</testsuite>